<?xml version="1.0" encoding="UTF-8"?>
<!-- Generated by org.testng.reporters.JUnitReportReporter -->
<testsuite hostname="Mds-MacBook-Pro.local" failures="0" tests="5" name="com.symlexvpn.qa.testcases.SymlexVPNEndUserLoginPageTest" time="17.711" errors="0" timestamp="26 Jan 2025 16:36:04 GMT" skipped="0">
  <testcase classname="com.symlexvpn.qa.testcases.SymlexVPNEndUserLoginPageTest" name="loginTest" time="3.781"/>
  <testcase classname="com.symlexvpn.qa.testcases.SymlexVPNEndUserLoginPageTest" name="loginTest" time="3.275"/>
  <testcase classname="com.symlexvpn.qa.testcases.SymlexVPNEndUserLoginPageTest" name="loginTest" time="3.112"/>
  <testcase classname="com.symlexvpn.qa.testcases.SymlexVPNEndUserLoginPageTest" name="loginTest" time="3.291"/>
  <testcase classname="com.symlexvpn.qa.testcases.SymlexVPNEndUserLoginPageTest" name="loginTest" time="4.252"/>
</testsuite> <!-- com.symlexvpn.qa.testcases.SymlexVPNEndUserLoginPageTest -->
