<?xml version="1.0" encoding="UTF-8"?>
<!-- Generated by org.testng.reporters.JUnitReportReporter -->
<testsuite hostname="DESKTOP-83JQO3M" failures="0" tests="2" name="com.saucedemo.qa.testcases.SauceDemoLoginPageTest" time="2.470" errors="0" timestamp="20 Oct 2024 18:42:52 GMT" skipped="0">
  <testcase classname="com.saucedemo.qa.testcases.SauceDemoLoginPageTest" name="loginPageTitleTest" time="1.369"/>
  <testcase classname="com.saucedemo.qa.testcases.SauceDemoLoginPageTest" name="robotLogoImageTest" time="1.101"/>
</testsuite> <!-- com.saucedemo.qa.testcases.SauceDemoLoginPageTest -->
