<?xml version="1.0" encoding="UTF-8"?>
<!-- Generated by org.testng.reporters.JUnitReportReporter -->
<testsuite hostname="Mds-MacBook-Pro.local" failures="0" tests="2" name="com.saucedemo.qa.testcases.SauceDemoLoginPageTest" time="12.014" errors="0" timestamp="26 Jan 2025 16:07:45 GMT" skipped="0">
  <testcase classname="com.saucedemo.qa.testcases.SauceDemoLoginPageTest" name="loginPageTitleTest" time="7.598"/>
  <testcase classname="com.saucedemo.qa.testcases.SauceDemoLoginPageTest" name="robotLogoImageTest" time="4.416"/>
</testsuite> <!-- com.saucedemo.qa.testcases.SauceDemoLoginPageTest -->
